+ cc -O2 -fno-builtin -fPIC -Wall -Wextra -Werror -c ./src/server.c
+ cc -O2 -fno-builtin -fPIC -Wall -Wextra -Werror -c ./build/assembly.S
+ ar rc libblst.a assembly.o server.o
+ ranlib libblst.a
unit
+- run test stderr
DEBUG: JournaledState.getAccount called
DEBUG: address bytes[0..4]={ 170, 0, 0, 0 }
DEBUG: checking normal cache...
DEBUG: checking fork_backend...
DEBUG: no fork backend, returning empty account
DEBUG: JournaledState.getAccount called
DEBUG: address bytes[0..4]={ 170, 0, 0, 0 }
DEBUG: checking normal cache...
DEBUG: checking fork_backend...
DEBUG: no fork backend, returning empty account
DEBUG: JournaledState.getAccount called
DEBUG: address bytes[0..4]={ 170, 0, 0, 0 }
DEBUG: checking normal cache...
DEBUG: found in normal cache
DEBUG: JournaledState.getAccount called
DEBUG: address bytes[0..4]={ 170, 0, 0, 0 }
DEBUG: checking normal cache...
DEBUG: found in normal cache
DEBUG: JournaledState.getAccount called
DEBUG: address bytes[0..4]={ 170, 0, 0, 0 }
DEBUG: checking normal cache...
DEBUG: found in normal cache
DEBUG: JournaledState.getAccount called
DEBUG: address bytes[0..4]={ 187, 0, 0, 0 }
DEBUG: checking normal cache...
DEBUG: checking fork_backend...
DEBUG: no fork backend, returning empty account
DEBUG: JournaledState.getAccount called
DEBUG: address bytes[0..4]={ 187, 0, 0, 0 }
DEBUG: checking normal cache...
DEBUG: checking fork_backend...
DEBUG: no fork backend, returning empty account
DEBUG: JournaledState.getAccount called
DEBUG: address bytes[0..4]={ 187, 0, 0, 0 }
DEBUG: checking normal cache...
DEBUG: found in normal cache
DEBUG: JournaledState.getAccount called
DEBUG: address bytes[0..4]={ 238, 0, 0, 0 }
DEBUG: checking normal cache...
DEBUG: checking fork_backend...
DEBUG: no fork backend, returning empty account
DEBUG: JournaledState.getAccount called
DEBUG: address bytes[0..4]={ 238, 0, 0, 0 }
DEBUG: checking normal cache...
DEBUG: found in normal cache
DEBUG: JournaledState.getAccount called
DEBUG: address bytes[0..4]={ 238, 0, 0, 0 }
DEBUG: checking normal cache...
DEBUG: found in normal cache
DEBUG: JournaledState.getAccount called
DEBUG: address bytes[0..4]={ 238, 0, 0, 0 }
DEBUG: checking normal cache...
DEBUG: found in normal cache
DEBUG: JournaledState.getAccount called
DEBUG: address bytes[0..4]={ 238, 0, 0, 0 }
DEBUG: checking normal cache...
DEBUG: found in normal cache
DEBUG: JournaledState.getAccount called
DEBUG: address bytes[0..4]={ 1, 0, 0, 0 }
DEBUG: checking normal cache...
DEBUG: checking fork_backend...
DEBUG: no fork backend, returning empty account
DEBUG: JournaledState.getAccount called
DEBUG: address bytes[0..4]={ 2, 0, 0, 0 }
DEBUG: checking normal cache...
DEBUG: checking fork_backend...
DEBUG: no fork backend, returning empty account
DEBUG: JournaledState.getAccount called
DEBUG: address bytes[0..4]={ 1, 0, 0, 0 }
DEBUG: checking normal cache...
DEBUG: found in normal cache
DEBUG: JournaledState.getAccount called
DEBUG: address bytes[0..4]={ 2, 0, 0, 0 }
DEBUG: checking normal cache...
DEBUG: found in normal cache
DEBUG: JournaledState.getAccount called
DEBUG: address bytes[0..4]={ 255, 0, 0, 0 }
DEBUG: checking normal cache...
DEBUG: checking fork_backend...
DEBUG: no fork backend, returning empty account
DEBUG: JournaledState.getAccount called
DEBUG: address bytes[0..4]={ 255, 0, 0, 0 }
DEBUG: checking normal cache...
DEBUG: checking fork_backend...
DEBUG: no fork backend, returning empty account
DEBUG: JournaledState.getAccount called
DEBUG: address bytes[0..4]={ 66, 0, 0, 0 }
DEBUG: checking normal cache...
DEBUG: checking fork_backend...
DEBUG: no fork backend, returning empty account
DEBUG: JournaledState.getAccount called
DEBUG: address bytes[0..4]={ 66, 0, 0, 0 }
DEBUG: checking normal cache...
DEBUG: found in normal cache
DEBUG: JournaledState.getAccount called
DEBUG: address bytes[0..4]={ 66, 0, 0, 0 }
DEBUG: checking normal cache...
DEBUG: found in normal cache
DEBUG: JournaledState.getAccount called
DEBUG: address bytes[0..4]={ 66, 0, 0, 0 }
DEBUG: checking normal cache...
DEBUG: found in normal cache
